<?xml version="1.0" encoding="UTF-8"?>
<!-- Generated by org.testng.reporters.JUnitXMLReporter -->
<testsuite hostname="janardhanareddys-MacBook-Pro.local" ignored="0" name="Command line test" tests="1" failures="1" timestamp="21 Dec 2017 03:20:02 GMT" time="9.547" errors="0">
  <testcase name="driver" time="9.525" classname="com.xero.DriverTest">
    <failure type="java.lang.reflect.InvocationTargetException">
      <![CDATA[java.lang.reflect.InvocationTargetException
	at com.xero.DriverTest.driver(DriverTest.java:46)
Caused by: java.lang.AssertionError: expected [A link to reset your password has been sent to:
bujjipalakondu@gmail.com	] but found [A link to reset your password has been sent to:
bujjipalakondu@gmail.com]
	at com.xero.AutomationScript.navigate_To_Xero_D(AutomationScript.java:87)
	... 39 more
... Removed 44 stack frames]]>
    </failure>
  </testcase> <!-- driver -->
</testsuite> <!-- Command line test -->
