<?xml version="1.0" encoding="UTF-8" ?>
<testsuite tests="1" failures="1" name="com.xero.DriverTest" time="9.529" errors="0" skipped="0">
  <properties>
[...]
</properties>
  <testcase classname="com.xero.DriverTest" name="driver" time="9.529">
    <failure type="java.lang.reflect.InvocationTargetException">java.lang.reflect.InvocationTargetException
	at sun.reflect.NativeMethodAccessorImpl.invoke0(Native Method)
	at sun.reflect.NativeMethodAccessorImpl.invoke(NativeMethodAccessorImpl.java:62)
	at sun.reflect.DelegatingMethodAccessorImpl.invoke(DelegatingMethodAccessorImpl.java:43)
	at java.lang.reflect.Method.invoke(Method.java:498)
	at com.xero.DriverTest.driver(DriverTest.java:46)
Caused by: java.lang.AssertionError: expected [A link to reset your password has been sent to:
bujjipalakondu@gmail.com	] but found [A link to reset your password has been sent to:
bujjipalakondu@gmail.com]
	at org.testng.Assert.fail(Assert.java:93)
	at org.testng.Assert.failNotEquals(Assert.java:512)
	at org.testng.Assert.assertEqualsImpl(Assert.java:134)
	at org.testng.Assert.assertEquals(Assert.java:115)
	at org.testng.Assert.assertEquals(Assert.java:189)
	at org.testng.Assert.assertEquals(Assert.java:199)
	at com.xero.AutomationScript.navigate_To_Xero_D(AutomationScript.java:87)
	... 39 more
</failure>
    <system-out>Configuring TestNG with: org.apache.maven.surefire.testng.conf.TestNG652Configurator@3d012ddd
TestCase No
TestCase Name
TestCase Access To Execute
FireFox
Chrome
1
navigate_To_Xero_A
N
N
N
2
navigate_To_Xero_B
N
N
N
3
navigate_To_Xero_C
N
N
N
4
navigate_To_Xero_D
Y
N
Y
5
signUp_To_XSDC_A
N
N
Y
6
signUp_To_XSDC_B
N
N
Y
7
signUp_To_XSDC_C
N
N
Y
8
signUp_To_XSDC_D
N
N
Y
9
signUp_To_XSDC_E
N
N
Y
10
test_All_Tab_Page
N
N
Y
11
test_Logout
N
N
Y
12
UploadProfilePage
N
N
Y
13
trail_Plan
N
N
Y
14
pain_Version
N
N
Y
15
StarterPlan
N
N
Y
16
standardPlan
N
N
Y
17
premiumPlan
N
N
Y
18
purchase
N
N
Y
Login to Xero Application  Done
clicked forgot password  Done
Pass : bujjipalakondu@gmail.com	  is entered in  username  field
send link got clicked and user will receive an email  Done
</system-out>
    <system-err>Starting ChromeDriver 2.33.506106 (8a06c39c4582fbfbab6966dbb1c38a9173bfb1a2) on port 2525
Only local connections are allowed.
Dec 20, 2017 7:19:55 PM org.openqa.selenium.remote.ProtocolHandshake createSession
INFO: Detected dialect: OSS
</system-err>
  </testcase>
</testsuite>