<?xml version="1.0" encoding="UTF-8"?>
<testng-results skipped="0" failed="0" ignored="0" total="1" passed="1">
  <reporter-output>
  </reporter-output>
  <suite name="Default suite" duration-ms="8065" started-at="2017-12-21T03:21:44Z" finished-at="2017-12-21T03:21:52Z">
    <groups>
    </groups>
    <test name="Default test" duration-ms="8065" started-at="2017-12-21T03:21:44Z" finished-at="2017-12-21T03:21:52Z">
      <class name="com.xero.DriverTest">
        <test-method status="PASS" signature="driver()[pri:0, instance:com.xero.DriverTest@55f3ddb1]" name="driver" duration-ms="8024" started-at="2017-12-20T19:21:44Z" finished-at="2017-12-20T19:21:52Z">
          <reporter-output>
          </reporter-output>
        </test-method> <!-- driver -->
      </class> <!-- com.xero.DriverTest -->
    </test> <!-- Default test -->
  </suite> <!-- Default suite -->
</testng-results>
